build/app/intermediates/manifest_merge_blame_file/release/manifest-merger-blame-release-report.txt
1<?xml version="1.0" encoding="utf-8"?>
2<manifest xmlns:android="http://schemas.android.com/apk/res/android"
3    package="com.eastbytes.lana"
4    android:versionCode="5"
5    android:versionName="1.1.1" >
6
7    <uses-sdk
8        android:minSdkVersion="16"
8-->src/main/AndroidManifest.xml
9        android:targetSdkVersion="28" />
9-->src/main/AndroidManifest.xml
10    <!--
11         io.flutter.app.FlutterApplication is an android.app.Application that
12         calls FlutterMain.startInitialization(this); in its onCreate method.
13         In most cases you can leave this as-is, but you if you want to provide
14         additional functionality it is fine to subclass or reimplement
15         FlutterApplication and put your custom class here.
16    -->
17    <uses-permission android:name="android.permission.READ_CONTACTS" />
17-->src/main/AndroidManifest.xml:8:5-72
17-->src/main/AndroidManifest.xml:8:22-69
18    <uses-permission android:name="android.permission.CALL_PHONE" />
18-->src/main/AndroidManifest.xml:9:5-69
18-->src/main/AndroidManifest.xml:9:22-66
19
20    <uses-feature
20-->src/main/AndroidManifest.xml:10:5-88
21        android:name="android.hardware.telephony"
21-->src/main/AndroidManifest.xml:10:19-60
22        android:required="false" />
22-->src/main/AndroidManifest.xml:10:61-85
23
24    <application
24-->src/main/AndroidManifest.xml:11:5-34:19
25        android:name="io.flutter.app.FlutterApplication"
25-->src/main/AndroidManifest.xml:12:9-57
26        android:appComponentFactory="androidx.core.app.CoreComponentFactory"
26-->[androidx.core:core:1.1.0] AndroidManifest.xml:24:18-86
27        android:icon="@mipmap/ic_launcher"
27-->src/main/AndroidManifest.xml:14:9-43
28        android:label="Elder Launcher" >
28-->src/main/AndroidManifest.xml:13:9-39
29        <activity
29-->src/main/AndroidManifest.xml:15:9-28:20
30            android:name="com.eastbytes.lana.MainActivity"
30-->src/main/AndroidManifest.xml:16:13-41
31            android:configChanges="orientation|keyboardHidden|keyboard|screenSize|smallestScreenSize|locale|layoutDirection|fontScale|screenLayout|density|uiMode"
31-->src/main/AndroidManifest.xml:19:13-163
32            android:hardwareAccelerated="true"
32-->src/main/AndroidManifest.xml:20:13-47
33            android:launchMode="singleTop"
33-->src/main/AndroidManifest.xml:17:13-43
34            android:theme="@style/LaunchTheme"
34-->src/main/AndroidManifest.xml:18:13-47
35            android:windowSoftInputMode="adjustResize" >
35-->src/main/AndroidManifest.xml:21:13-55
36            <intent-filter>
36-->src/main/AndroidManifest.xml:22:13-27:29
37                <action android:name="android.intent.action.MAIN" />
37-->src/main/AndroidManifest.xml:23:17-68
37-->src/main/AndroidManifest.xml:23:25-66
38
39                <category android:name="android.intent.category.LAUNCHER" />
39-->src/main/AndroidManifest.xml:24:17-76
39-->src/main/AndroidManifest.xml:24:27-74
40                <category android:name="android.intent.category.HOME" />
40-->src/main/AndroidManifest.xml:25:17-73
40-->src/main/AndroidManifest.xml:25:27-70
41                <category android:name="android.intent.category.DEFAULT" />
41-->src/main/AndroidManifest.xml:26:17-76
41-->src/main/AndroidManifest.xml:26:27-73
42            </intent-filter>
43        </activity>
44        <!--
45             Don't delete the meta-data below.
46             This is used by the Flutter tool to generate GeneratedPluginRegistrant.java
47        -->
48        <meta-data
48-->src/main/AndroidManifest.xml:31:9-33:33
49            android:name="flutterEmbedding"
49-->src/main/AndroidManifest.xml:32:13-44
50            android:value="2" />
50-->src/main/AndroidManifest.xml:33:13-30
51    </application>
52
53</manifest>